d:\sp_d\project11\project11\debug\vc143.pdb
d:\sp_d\project11\project11\debug\vc143.idb
d:\sp_d\project11\project11\debug\main.obj
d:\sp_d\project11\project11\debug\wrapper.obj
d:\sp_d\project11\project11\debug\syntax_one.obj
d:\sp_d\project11\project11\debug\one_file__x86_debug.obj
d:\sp_d\project11\debug\project11.exe
d:\sp_d\project11\debug\project11.pdb
d:\sp_d\project11\project11\debug\project11.ilk
d:\полiтех\сп\курсова\project11\project11\debug\main.obj
d:\полiтех\сп\курсова\project11\project11\debug\one_file__x86_debug.obj
d:\полiтех\сп\курсова\project11\project11\debug\syntax_one.obj
d:\полiтех\сп\курсова\project11\project11\debug\wrapper.obj
d:\полiтех\сп\курсова\project11\project11\debug\project11.ilk
d:\полiтех\сп\курсова\project11\project11\debug\vc143.idb
d:\полiтех\сп\курсова\project11\project11\debug\vc143.pdb
d:\полiтех\сп\курсова\project11\debug\project11.pdb
d:\полiтех\сп\курсова\project11\debug\project11.exe
d:\полiтех\сп\курсова\project11\project11\debug\project11.tlog\cl.command.1.tlog
d:\полiтех\сп\курсова\project11\project11\debug\project11.tlog\cl.items.tlog
d:\полiтех\сп\курсова\project11\project11\debug\project11.tlog\cl.read.1.tlog
d:\полiтех\сп\курсова\project11\project11\debug\project11.tlog\cl.write.1.tlog
d:\полiтех\сп\курсова\project11\project11\debug\project11.tlog\link.command.1.tlog
d:\полiтех\сп\курсова\project11\project11\debug\project11.tlog\link.read.1.tlog
d:\полiтех\сп\курсова\project11\project11\debug\project11.tlog\link.secondary.1.tlog
d:\полiтех\сп\курсова\project11\project11\debug\project11.tlog\link.write.1.tlog
